
> santiago-bros@0.1.0 build
> next build

node.exe : ΓÜá Warning: 
Next.js inferred your 
workspace root, but it 
may not be correct.
At C:\Program 
Files\nodejs\npm.ps1:29 
char:3
+   & $NODE_EXE 
$NPM_CLI_JS $args
+   ~~~~~~~~~~~~~~~~~~~~~~
~~~~~~~
    + CategoryInfo        
      : NotSpecified: (Γ  
  Üá Warning: Ne...not    
 be correct.:String) [    
], RemoteException
    + FullyQualifiedError 
   Id : NativeCommandErr  
  or
 
 We detected multiple 
lockfiles and selected 
the directory of C:\Users\
ishan\package-lock.json 
as the root directory.
 To silence this warning, 
set `turbopack.root` in 
your Next.js config, or 
consider removing one of 
the lockfiles if it's not 
needed.
   See https://nextjs.org/
docs/app/api-reference/con
fig/next-config-js/turbopa
ck#root-directory for 
more information.
 Detected additional 
lockfiles: 
   * C:\Users\ishan\OneDri
ve\Desktop\freelancer proj
ect\santiago-bros\package-
lock.json

Γû▓ Next.js 16.2.1 (Turbopack)

  Creating an optimized production build ...
Γ£ô Compiled successfully in 2.8s
  Running TypeScript ...
  Finished TypeScript in 102ms ...
  Collecting page data using 11 workers ...
  Generating static pages using 11 workers (0/17) ...
Error occurred 
prerendering page 
"/brands". Read more: http
s://nextjs.org/docs/messag
es/prerender-error
Error: Attempted to call 
buttonVariants() from the 
server but buttonVariants 
is on the client. It's 
not possible to invoke a 
client function from the 
server, it can only be 
rendered as a Component 
or passed to props of a 
Client Component.
    at <unknown> (C:\Users
\ishan\OneDrive\Desktop\fr
eelancer project\santiago-
bros\.next\server\chunks\s
sr\[root-of-the-server]__0
4_b2du._.js:1:3718)
    at a.s.title (C:\Users
\ishan\OneDrive\Desktop\fr
eelancer project\santiago-
bros\.next\server\chunks\s
sr\[root-of-the-server]__0
4_b2du._.js:1:7858)
    at stringify 
(<anonymous>) {
  digest: '2397568838'
}
Export encountered an 
error on /brands/page: 
/brands, exiting the 
build.
Γ¿» Next.js build worker 
exited with code: 1 and 
signal: null
